0 info it worked if it ends with ok
1 verbose cli [ 'C:\\Program Files (x86)\\nodejs\\\\node.exe',
1 verbose cli   'C:\\Program Files (x86)\\nodejs\\node_modules\\npm\\bin\\npm-cli.js',
1 verbose cli   'install',
1 verbose cli   'node-sql',
1 verbose cli   '--save' ]
2 info using npm@1.4.28
3 info using node@v0.10.33
4 verbose node symlink C:\Program Files (x86)\nodejs\\node.exe
5 warn package.json mssql-client@0.0.0 No repository field.
6 warn package.json mssql-client@0.0.0 No README data
7 verbose readDependencies using package.json deps
8 verbose cache add [ 'node-sql', null ]
9 verbose cache add name=undefined spec="node-sql" args=["node-sql",null]
10 verbose parsed url { protocol: null,
10 verbose parsed url   slashes: null,
10 verbose parsed url   auth: null,
10 verbose parsed url   host: null,
10 verbose parsed url   port: null,
10 verbose parsed url   hostname: null,
10 verbose parsed url   hash: null,
10 verbose parsed url   search: null,
10 verbose parsed url   query: null,
10 verbose parsed url   pathname: 'node-sql',
10 verbose parsed url   path: 'node-sql',
10 verbose parsed url   href: 'node-sql' }
11 silly lockFile 4f94e91e-node-sql node-sql
12 verbose lock node-sql C:\Users\eduardo.dutra\AppData\Roaming\npm-cache\4f94e91e-node-sql.lock
13 silly lockFile 4f94e91e-node-sql node-sql
14 silly lockFile 4f94e91e-node-sql node-sql
15 verbose addNamed [ 'node-sql', '' ]
16 verbose addNamed [ null, '*' ]
17 silly lockFile 30f6c54f-node-sql node-sql@
18 verbose lock node-sql@ C:\Users\eduardo.dutra\AppData\Roaming\npm-cache\30f6c54f-node-sql.lock
19 silly addNameRange { name: 'node-sql', range: '*', hasData: false }
20 verbose request where is /node-sql
21 verbose request registry https://registry.npmjs.org/
22 verbose request id a5be339030048dea
23 verbose url raw /node-sql
24 verbose url resolving [ 'https://registry.npmjs.org/', './node-sql' ]
25 verbose url resolved https://registry.npmjs.org/node-sql
26 verbose request where is https://registry.npmjs.org/node-sql
27 info trying registry request attempt 1 at 19:16:13
28 http GET https://registry.npmjs.org/node-sql
29 http 404 https://registry.npmjs.org/node-sql
30 verbose headers { server: 'CouchDB/1.5.0 (Erlang OTP/R16B03)',
30 verbose headers   'content-type': 'application/json',
30 verbose headers   'cache-control': 'max-age=0',
30 verbose headers   'content-length': '51',
30 verbose headers   'accept-ranges': 'bytes',
30 verbose headers   date: 'Wed, 22 Jul 2015 22:16:15 GMT',
30 verbose headers   via: '1.1 varnish',
30 verbose headers   age: '0',
30 verbose headers   connection: 'keep-alive',
30 verbose headers   'x-served-by': 'cache-atl6224-ATL',
30 verbose headers   'x-cache': 'MISS',
30 verbose headers   'x-cache-hits': '0',
30 verbose headers   'x-timer': 'S1437603375.392696,VS0,VE32' }
31 silly registry.get cb [ 404,
31 silly registry.get   { server: 'CouchDB/1.5.0 (Erlang OTP/R16B03)',
31 silly registry.get     'content-type': 'application/json',
31 silly registry.get     'cache-control': 'max-age=0',
31 silly registry.get     'content-length': '51',
31 silly registry.get     'accept-ranges': 'bytes',
31 silly registry.get     date: 'Wed, 22 Jul 2015 22:16:15 GMT',
31 silly registry.get     via: '1.1 varnish',
31 silly registry.get     age: '0',
31 silly registry.get     connection: 'keep-alive',
31 silly registry.get     'x-served-by': 'cache-atl6224-ATL',
31 silly registry.get     'x-cache': 'MISS',
31 silly registry.get     'x-cache-hits': '0',
31 silly registry.get     'x-timer': 'S1437603375.392696,VS0,VE32' } ]
32 silly lockFile 30f6c54f-node-sql node-sql@
33 silly lockFile 30f6c54f-node-sql node-sql@
34 error 404 404 Not Found: node-sql
34 error 404
34 error 404 'node-sql' is not in the npm registry.
34 error 404 You should bug the author to publish it
34 error 404 It was specified as a dependency of 'mssql-client'
34 error 404
34 error 404 Maybe try 'npm search sql'
34 error 404
34 error 404 Note that you can also install from a
34 error 404 tarball, folder, or http url, or git url.
35 error System Windows_NT 6.2.9200
36 error command "C:\\Program Files (x86)\\nodejs\\\\node.exe" "C:\\Program Files (x86)\\nodejs\\node_modules\\npm\\bin\\npm-cli.js" "install" "node-sql" "--save"
37 error cwd C:\sistemas\open\mssql-client
38 error node -v v0.10.33
39 error npm -v 1.4.28
40 error code E404
41 verbose exit [ 1, true ]
